
==========================================
Running: configs/baseline.yaml
==========================================
Ignoring wrong pointing object 6 0 (offset 0)
Ignoring wrong pointing object 8 0 (offset 0)
Ignoring wrong pointing object 16 0 (offset 0)
Ignoring wrong pointing object 18 0 (offset 0)
Ignoring wrong pointing object 32 0 (offset 0)
Ignoring wrong pointing object 34 0 (offset 0)
Ignoring wrong pointing object 89 0 (offset 0)
Ignoring wrong pointing object 91 0 (offset 0)
Ignoring wrong pointing object 142 0 (offset 0)
Ignoring wrong pointing object 147 0 (offset 0)
Ignoring wrong pointing object 6 0 (offset 0)
Ignoring wrong pointing object 8 0 (offset 0)
Ignoring wrong pointing object 10 0 (offset 0)
Ignoring wrong pointing object 12 0 (offset 0)
Ignoring wrong pointing object 14 0 (offset 0)
Ignoring wrong pointing object 16 0 (offset 0)
Ignoring wrong pointing object 18 0 (offset 0)
Ignoring wrong pointing object 24 0 (offset 0)
Ignoring wrong pointing object 26 0 (offset 0)
Ignoring wrong pointing object 6 0 (offset 0)
Ignoring wrong pointing object 8 0 (offset 0)
Ignoring wrong pointing object 10 0 (offset 0)
Ignoring wrong pointing object 12 0 (offset 0)
Ignoring wrong pointing object 14 0 (offset 0)
Ignoring wrong pointing object 16 0 (offset 0)
Ignoring wrong pointing object 18 0 (offset 0)
Ignoring wrong pointing object 20 0 (offset 0)
Ignoring wrong pointing object 22 0 (offset 0)
Ignoring wrong pointing object 28 0 (offset 0)
Ignoring wrong pointing object 30 0 (offset 0)
Ignoring wrong pointing object 6 0 (offset 0)
Ignoring wrong pointing object 8 0 (offset 0)
Ignoring wrong pointing object 10 0 (offset 0)
Ignoring wrong pointing object 12 0 (offset 0)
Ignoring wrong pointing object 14 0 (offset 0)
Ignoring wrong pointing object 16 0 (offset 0)
Ignoring wrong pointing object 22 0 (offset 0)
Ignoring wrong pointing object 6 0 (offset 0)
Ignoring wrong pointing object 8 0 (offset 0)
Ignoring wrong pointing object 10 0 (offset 0)
Ignoring wrong pointing object 12 0 (offset 0)
Ignoring wrong pointing object 14 0 (offset 0)
Ignoring wrong pointing object 16 0 (offset 0)
Ignoring wrong pointing object 56 0 (offset 0)
Ignoring wrong pointing object 71 0 (offset 0)
Ignoring wrong pointing object 6 0 (offset 0)
Ignoring wrong pointing object 8 0 (offset 0)
Ignoring wrong pointing object 10 0 (offset 0)
Ignoring wrong pointing object 12 0 (offset 0)
Ignoring wrong pointing object 115 0 (offset 0)
Ignoring wrong pointing object 117 0 (offset 0)
Ignoring wrong pointing object 425 0 (offset 0)
Ignoring wrong pointing object 474 0 (offset 0)
[*] Building index for baseline
[+] Index built in 6.9s, total chunks: 765
[+] Loaded 122 gold questions

=== baseline ===
chunks: 765
in-scope questions: 117
doc_recall@1: 0.632
doc_recall@3: 0.752
doc_recall@5: 0.812
chunk_recall@3: 0.350
chunk_recall@5: 0.436
MRR: 0.698
saved to: results/retrieval/baseline.json

==========================================
Running: configs/exp_embedder_minilm.yaml
==========================================
Ignoring wrong pointing object 6 0 (offset 0)
Ignoring wrong pointing object 8 0 (offset 0)
Ignoring wrong pointing object 16 0 (offset 0)
Ignoring wrong pointing object 18 0 (offset 0)
Ignoring wrong pointing object 32 0 (offset 0)
Ignoring wrong pointing object 34 0 (offset 0)
Ignoring wrong pointing object 89 0 (offset 0)
Ignoring wrong pointing object 91 0 (offset 0)
Ignoring wrong pointing object 142 0 (offset 0)
Ignoring wrong pointing object 147 0 (offset 0)
Ignoring wrong pointing object 6 0 (offset 0)
Ignoring wrong pointing object 8 0 (offset 0)
Ignoring wrong pointing object 10 0 (offset 0)
Ignoring wrong pointing object 12 0 (offset 0)
Ignoring wrong pointing object 14 0 (offset 0)
Ignoring wrong pointing object 16 0 (offset 0)
Ignoring wrong pointing object 18 0 (offset 0)
Ignoring wrong pointing object 24 0 (offset 0)
Ignoring wrong pointing object 26 0 (offset 0)
Ignoring wrong pointing object 6 0 (offset 0)
Ignoring wrong pointing object 8 0 (offset 0)
Ignoring wrong pointing object 10 0 (offset 0)
Ignoring wrong pointing object 12 0 (offset 0)
Ignoring wrong pointing object 14 0 (offset 0)
Ignoring wrong pointing object 16 0 (offset 0)
Ignoring wrong pointing object 18 0 (offset 0)
Ignoring wrong pointing object 20 0 (offset 0)
Ignoring wrong pointing object 22 0 (offset 0)
Ignoring wrong pointing object 28 0 (offset 0)
Ignoring wrong pointing object 30 0 (offset 0)
Ignoring wrong pointing object 6 0 (offset 0)
Ignoring wrong pointing object 8 0 (offset 0)
Ignoring wrong pointing object 10 0 (offset 0)
Ignoring wrong pointing object 12 0 (offset 0)
Ignoring wrong pointing object 14 0 (offset 0)
Ignoring wrong pointing object 16 0 (offset 0)
Ignoring wrong pointing object 22 0 (offset 0)
Ignoring wrong pointing object 6 0 (offset 0)
Ignoring wrong pointing object 8 0 (offset 0)
Ignoring wrong pointing object 10 0 (offset 0)
Ignoring wrong pointing object 12 0 (offset 0)
Ignoring wrong pointing object 14 0 (offset 0)
Ignoring wrong pointing object 16 0 (offset 0)
Ignoring wrong pointing object 56 0 (offset 0)
Ignoring wrong pointing object 71 0 (offset 0)
Ignoring wrong pointing object 6 0 (offset 0)
Ignoring wrong pointing object 8 0 (offset 0)
Ignoring wrong pointing object 10 0 (offset 0)
Ignoring wrong pointing object 12 0 (offset 0)
Ignoring wrong pointing object 115 0 (offset 0)
Ignoring wrong pointing object 117 0 (offset 0)
Ignoring wrong pointing object 425 0 (offset 0)
Ignoring wrong pointing object 474 0 (offset 0)
Warning: You are sending unauthenticated requests to the HF Hub. Please set a HF_TOKEN to enable higher rate limits and faster downloads.
[*] Building index for exp_embedder_minilm
Loading weights:   0%|          | 0/199 [00:00<?, ?it/s]Loading weights: 100%|██████████| 199/199 [00:00<00:00, 7983.34it/s]
/Users/polinamalikova/projects/chatbot-for-applicants/src/embedders.py:41: FutureWarning: The `get_sentence_embedding_dimension` method has been renamed to `get_embedding_dimension`.
  self.dim = self.model.get_sentence_embedding_dimension()
[+] Index built in 17.0s, total chunks: 765
[+] Loaded 122 gold questions

=== exp_embedder_minilm ===
chunks: 765
in-scope questions: 117
doc_recall@1: 0.513
doc_recall@3: 0.667
doc_recall@5: 0.709
chunk_recall@3: 0.333
chunk_recall@5: 0.376
MRR: 0.589
saved to: results/retrieval/exp_embedder_minilm.json

==========================================
Running: configs/exp_embedder_e5.yaml
==========================================
Ignoring wrong pointing object 6 0 (offset 0)
Ignoring wrong pointing object 8 0 (offset 0)
Ignoring wrong pointing object 16 0 (offset 0)
Ignoring wrong pointing object 18 0 (offset 0)
Ignoring wrong pointing object 32 0 (offset 0)
Ignoring wrong pointing object 34 0 (offset 0)
Ignoring wrong pointing object 89 0 (offset 0)
Ignoring wrong pointing object 91 0 (offset 0)
Ignoring wrong pointing object 142 0 (offset 0)
Ignoring wrong pointing object 147 0 (offset 0)
Ignoring wrong pointing object 6 0 (offset 0)
Ignoring wrong pointing object 8 0 (offset 0)
Ignoring wrong pointing object 10 0 (offset 0)
Ignoring wrong pointing object 12 0 (offset 0)
Ignoring wrong pointing object 14 0 (offset 0)
Ignoring wrong pointing object 16 0 (offset 0)
Ignoring wrong pointing object 18 0 (offset 0)
Ignoring wrong pointing object 24 0 (offset 0)
Ignoring wrong pointing object 26 0 (offset 0)
Ignoring wrong pointing object 6 0 (offset 0)
Ignoring wrong pointing object 8 0 (offset 0)
Ignoring wrong pointing object 10 0 (offset 0)
Ignoring wrong pointing object 12 0 (offset 0)
Ignoring wrong pointing object 14 0 (offset 0)
Ignoring wrong pointing object 16 0 (offset 0)
Ignoring wrong pointing object 18 0 (offset 0)
Ignoring wrong pointing object 20 0 (offset 0)
Ignoring wrong pointing object 22 0 (offset 0)
Ignoring wrong pointing object 28 0 (offset 0)
Ignoring wrong pointing object 30 0 (offset 0)
Ignoring wrong pointing object 6 0 (offset 0)
Ignoring wrong pointing object 8 0 (offset 0)
Ignoring wrong pointing object 10 0 (offset 0)
Ignoring wrong pointing object 12 0 (offset 0)
Ignoring wrong pointing object 14 0 (offset 0)
Ignoring wrong pointing object 16 0 (offset 0)
Ignoring wrong pointing object 22 0 (offset 0)
Ignoring wrong pointing object 6 0 (offset 0)
Ignoring wrong pointing object 8 0 (offset 0)
Ignoring wrong pointing object 10 0 (offset 0)
Ignoring wrong pointing object 12 0 (offset 0)
Ignoring wrong pointing object 14 0 (offset 0)
Ignoring wrong pointing object 16 0 (offset 0)
Ignoring wrong pointing object 56 0 (offset 0)
Ignoring wrong pointing object 71 0 (offset 0)
Ignoring wrong pointing object 6 0 (offset 0)
Ignoring wrong pointing object 8 0 (offset 0)
Ignoring wrong pointing object 10 0 (offset 0)
Ignoring wrong pointing object 12 0 (offset 0)
Ignoring wrong pointing object 115 0 (offset 0)
Ignoring wrong pointing object 117 0 (offset 0)
Ignoring wrong pointing object 425 0 (offset 0)
Ignoring wrong pointing object 474 0 (offset 0)
Warning: You are sending unauthenticated requests to the HF Hub. Please set a HF_TOKEN to enable higher rate limits and faster downloads.
[*] Building index for exp_embedder_e5
Loading weights:   0%|          | 0/199 [00:00<?, ?it/s]Loading weights: 100%|██████████| 199/199 [00:00<00:00, 8008.93it/s]
/Users/polinamalikova/projects/chatbot-for-applicants/src/embedders.py:41: FutureWarning: The `get_sentence_embedding_dimension` method has been renamed to `get_embedding_dimension`.
  self.dim = self.model.get_sentence_embedding_dimension()
[+] Index built in 21.4s, total chunks: 765
[+] Loaded 122 gold questions

=== exp_embedder_e5 ===
chunks: 765
in-scope questions: 117
doc_recall@1: 0.615
doc_recall@3: 0.701
doc_recall@5: 0.761
chunk_recall@3: 0.470
chunk_recall@5: 0.521
MRR: 0.668
saved to: results/retrieval/exp_embedder_e5.json

==========================================
Running: configs/exp_embedder_rubert.yaml
==========================================
Ignoring wrong pointing object 6 0 (offset 0)
Ignoring wrong pointing object 8 0 (offset 0)
Ignoring wrong pointing object 16 0 (offset 0)
Ignoring wrong pointing object 18 0 (offset 0)
Ignoring wrong pointing object 32 0 (offset 0)
Ignoring wrong pointing object 34 0 (offset 0)
Ignoring wrong pointing object 89 0 (offset 0)
Ignoring wrong pointing object 91 0 (offset 0)
Ignoring wrong pointing object 142 0 (offset 0)
Ignoring wrong pointing object 147 0 (offset 0)
Ignoring wrong pointing object 6 0 (offset 0)
Ignoring wrong pointing object 8 0 (offset 0)
Ignoring wrong pointing object 10 0 (offset 0)
Ignoring wrong pointing object 12 0 (offset 0)
Ignoring wrong pointing object 14 0 (offset 0)
Ignoring wrong pointing object 16 0 (offset 0)
Ignoring wrong pointing object 18 0 (offset 0)
Ignoring wrong pointing object 24 0 (offset 0)
Ignoring wrong pointing object 26 0 (offset 0)
Ignoring wrong pointing object 6 0 (offset 0)
Ignoring wrong pointing object 8 0 (offset 0)
Ignoring wrong pointing object 10 0 (offset 0)
Ignoring wrong pointing object 12 0 (offset 0)
Ignoring wrong pointing object 14 0 (offset 0)
Ignoring wrong pointing object 16 0 (offset 0)
Ignoring wrong pointing object 18 0 (offset 0)
Ignoring wrong pointing object 20 0 (offset 0)
Ignoring wrong pointing object 22 0 (offset 0)
Ignoring wrong pointing object 28 0 (offset 0)
Ignoring wrong pointing object 30 0 (offset 0)
Ignoring wrong pointing object 6 0 (offset 0)
Ignoring wrong pointing object 8 0 (offset 0)
Ignoring wrong pointing object 10 0 (offset 0)
Ignoring wrong pointing object 12 0 (offset 0)
Ignoring wrong pointing object 14 0 (offset 0)
Ignoring wrong pointing object 16 0 (offset 0)
Ignoring wrong pointing object 22 0 (offset 0)
Ignoring wrong pointing object 6 0 (offset 0)
Ignoring wrong pointing object 8 0 (offset 0)
Ignoring wrong pointing object 10 0 (offset 0)
Ignoring wrong pointing object 12 0 (offset 0)
Ignoring wrong pointing object 14 0 (offset 0)
Ignoring wrong pointing object 16 0 (offset 0)
Ignoring wrong pointing object 56 0 (offset 0)
Ignoring wrong pointing object 71 0 (offset 0)
Ignoring wrong pointing object 6 0 (offset 0)
Ignoring wrong pointing object 8 0 (offset 0)
Ignoring wrong pointing object 10 0 (offset 0)
Ignoring wrong pointing object 12 0 (offset 0)
Ignoring wrong pointing object 115 0 (offset 0)
Ignoring wrong pointing object 117 0 (offset 0)
Ignoring wrong pointing object 425 0 (offset 0)
Ignoring wrong pointing object 474 0 (offset 0)
Warning: You are sending unauthenticated requests to the HF Hub. Please set a HF_TOKEN to enable higher rate limits and faster downloads.
[*] Building index for exp_embedder_rubert
Loading weights:   0%|          | 0/55 [00:00<?, ?it/s]Loading weights: 100%|██████████| 55/55 [00:00<00:00, 8765.03it/s]
[transformers] [1mBertModel LOAD REPORT[0m from: cointegrated/rubert-tiny2
Key                                        | Status     |  | 
-------------------------------------------+------------+--+-
cls.predictions.transform.dense.bias       | UNEXPECTED |  | 
cls.predictions.transform.LayerNorm.weight | UNEXPECTED |  | 
cls.seq_relationship.weight                | UNEXPECTED |  | 
cls.seq_relationship.bias                  | UNEXPECTED |  | 
cls.predictions.transform.LayerNorm.bias   | UNEXPECTED |  | 
cls.predictions.transform.dense.weight     | UNEXPECTED |  | 
cls.predictions.bias                       | UNEXPECTED |  | 

Notes:
- UNEXPECTED:	can be ignored when loading from different task/architecture; not ok if you expect identical arch.
/Users/polinamalikova/projects/chatbot-for-applicants/src/embedders.py:41: FutureWarning: The `get_sentence_embedding_dimension` method has been renamed to `get_embedding_dimension`.
  self.dim = self.model.get_sentence_embedding_dimension()
[+] Index built in 13.1s, total chunks: 765
[+] Loaded 122 gold questions

=== exp_embedder_rubert ===
chunks: 765
in-scope questions: 117
doc_recall@1: 0.513
doc_recall@3: 0.598
doc_recall@5: 0.624
chunk_recall@3: 0.214
chunk_recall@5: 0.265
MRR: 0.557
saved to: results/retrieval/exp_embedder_rubert.json

==========================================
Running: configs/exp_chunking_fixed_800.yaml
==========================================
Ignoring wrong pointing object 6 0 (offset 0)
Ignoring wrong pointing object 8 0 (offset 0)
Ignoring wrong pointing object 16 0 (offset 0)
Ignoring wrong pointing object 18 0 (offset 0)
Ignoring wrong pointing object 32 0 (offset 0)
Ignoring wrong pointing object 34 0 (offset 0)
Ignoring wrong pointing object 89 0 (offset 0)
Ignoring wrong pointing object 91 0 (offset 0)
Ignoring wrong pointing object 142 0 (offset 0)
Ignoring wrong pointing object 147 0 (offset 0)
Ignoring wrong pointing object 6 0 (offset 0)
Ignoring wrong pointing object 8 0 (offset 0)
Ignoring wrong pointing object 10 0 (offset 0)
Ignoring wrong pointing object 12 0 (offset 0)
Ignoring wrong pointing object 14 0 (offset 0)
Ignoring wrong pointing object 16 0 (offset 0)
Ignoring wrong pointing object 18 0 (offset 0)
Ignoring wrong pointing object 24 0 (offset 0)
Ignoring wrong pointing object 26 0 (offset 0)
Ignoring wrong pointing object 6 0 (offset 0)
Ignoring wrong pointing object 8 0 (offset 0)
Ignoring wrong pointing object 10 0 (offset 0)
Ignoring wrong pointing object 12 0 (offset 0)
Ignoring wrong pointing object 14 0 (offset 0)
Ignoring wrong pointing object 16 0 (offset 0)
Ignoring wrong pointing object 18 0 (offset 0)
Ignoring wrong pointing object 20 0 (offset 0)
Ignoring wrong pointing object 22 0 (offset 0)
Ignoring wrong pointing object 28 0 (offset 0)
Ignoring wrong pointing object 30 0 (offset 0)
Ignoring wrong pointing object 6 0 (offset 0)
Ignoring wrong pointing object 8 0 (offset 0)
Ignoring wrong pointing object 10 0 (offset 0)
Ignoring wrong pointing object 12 0 (offset 0)
Ignoring wrong pointing object 14 0 (offset 0)
Ignoring wrong pointing object 16 0 (offset 0)
Ignoring wrong pointing object 22 0 (offset 0)
Ignoring wrong pointing object 6 0 (offset 0)
Ignoring wrong pointing object 8 0 (offset 0)
Ignoring wrong pointing object 10 0 (offset 0)
Ignoring wrong pointing object 12 0 (offset 0)
Ignoring wrong pointing object 14 0 (offset 0)
Ignoring wrong pointing object 16 0 (offset 0)
Ignoring wrong pointing object 56 0 (offset 0)
Ignoring wrong pointing object 71 0 (offset 0)
Ignoring wrong pointing object 6 0 (offset 0)
Ignoring wrong pointing object 8 0 (offset 0)
Ignoring wrong pointing object 10 0 (offset 0)
Ignoring wrong pointing object 12 0 (offset 0)
Ignoring wrong pointing object 115 0 (offset 0)
Ignoring wrong pointing object 117 0 (offset 0)
Ignoring wrong pointing object 425 0 (offset 0)
Ignoring wrong pointing object 474 0 (offset 0)
Warning: You are sending unauthenticated requests to the HF Hub. Please set a HF_TOKEN to enable higher rate limits and faster downloads.
[*] Building index for exp_chunking_fixed_800
Loading weights:   0%|          | 0/199 [00:00<?, ?it/s]Loading weights: 100%|██████████| 199/199 [00:00<00:00, 42979.74it/s]
/Users/polinamalikova/projects/chatbot-for-applicants/src/embedders.py:41: FutureWarning: The `get_sentence_embedding_dimension` method has been renamed to `get_embedding_dimension`.
  self.dim = self.model.get_sentence_embedding_dimension()
[+] Index built in 21.4s, total chunks: 969
[+] Loaded 122 gold questions

=== exp_chunking_fixed_800 ===
chunks: 969
in-scope questions: 117
doc_recall@1: 0.624
doc_recall@3: 0.752
doc_recall@5: 0.803
chunk_recall@3: 0.521
chunk_recall@5: 0.573
MRR: 0.697
saved to: results/retrieval/exp_chunking_fixed_800.json

==========================================
Running: configs/exp_chunking_fixed_1200.yaml
==========================================
Ignoring wrong pointing object 6 0 (offset 0)
Ignoring wrong pointing object 8 0 (offset 0)
Ignoring wrong pointing object 16 0 (offset 0)
Ignoring wrong pointing object 18 0 (offset 0)
Ignoring wrong pointing object 32 0 (offset 0)
Ignoring wrong pointing object 34 0 (offset 0)
Ignoring wrong pointing object 89 0 (offset 0)
Ignoring wrong pointing object 91 0 (offset 0)
Ignoring wrong pointing object 142 0 (offset 0)
Ignoring wrong pointing object 147 0 (offset 0)
Ignoring wrong pointing object 6 0 (offset 0)
Ignoring wrong pointing object 8 0 (offset 0)
Ignoring wrong pointing object 10 0 (offset 0)
Ignoring wrong pointing object 12 0 (offset 0)
Ignoring wrong pointing object 14 0 (offset 0)
Ignoring wrong pointing object 16 0 (offset 0)
Ignoring wrong pointing object 18 0 (offset 0)
Ignoring wrong pointing object 24 0 (offset 0)
Ignoring wrong pointing object 26 0 (offset 0)
Ignoring wrong pointing object 6 0 (offset 0)
Ignoring wrong pointing object 8 0 (offset 0)
Ignoring wrong pointing object 10 0 (offset 0)
Ignoring wrong pointing object 12 0 (offset 0)
Ignoring wrong pointing object 14 0 (offset 0)
Ignoring wrong pointing object 16 0 (offset 0)
Ignoring wrong pointing object 18 0 (offset 0)
Ignoring wrong pointing object 20 0 (offset 0)
Ignoring wrong pointing object 22 0 (offset 0)
Ignoring wrong pointing object 28 0 (offset 0)
Ignoring wrong pointing object 30 0 (offset 0)
Ignoring wrong pointing object 6 0 (offset 0)
Ignoring wrong pointing object 8 0 (offset 0)
Ignoring wrong pointing object 10 0 (offset 0)
Ignoring wrong pointing object 12 0 (offset 0)
Ignoring wrong pointing object 14 0 (offset 0)
Ignoring wrong pointing object 16 0 (offset 0)
Ignoring wrong pointing object 22 0 (offset 0)
Ignoring wrong pointing object 6 0 (offset 0)
Ignoring wrong pointing object 8 0 (offset 0)
Ignoring wrong pointing object 10 0 (offset 0)
Ignoring wrong pointing object 12 0 (offset 0)
Ignoring wrong pointing object 14 0 (offset 0)
Ignoring wrong pointing object 16 0 (offset 0)
Ignoring wrong pointing object 56 0 (offset 0)
Ignoring wrong pointing object 71 0 (offset 0)
Ignoring wrong pointing object 6 0 (offset 0)
Ignoring wrong pointing object 8 0 (offset 0)
Ignoring wrong pointing object 10 0 (offset 0)
Ignoring wrong pointing object 12 0 (offset 0)
Ignoring wrong pointing object 115 0 (offset 0)
Ignoring wrong pointing object 117 0 (offset 0)
Ignoring wrong pointing object 425 0 (offset 0)
Ignoring wrong pointing object 474 0 (offset 0)
Warning: You are sending unauthenticated requests to the HF Hub. Please set a HF_TOKEN to enable higher rate limits and faster downloads.
[*] Building index for exp_chunking_fixed_1200
Loading weights:   0%|          | 0/199 [00:00<?, ?it/s]Loading weights: 100%|██████████| 199/199 [00:00<00:00, 23064.09it/s]
/Users/polinamalikova/projects/chatbot-for-applicants/src/embedders.py:41: FutureWarning: The `get_sentence_embedding_dimension` method has been renamed to `get_embedding_dimension`.
  self.dim = self.model.get_sentence_embedding_dimension()
[+] Index built in 25.9s, total chunks: 679
[+] Loaded 122 gold questions

=== exp_chunking_fixed_1200 ===
chunks: 679
in-scope questions: 117
doc_recall@1: 0.650
doc_recall@3: 0.701
doc_recall@5: 0.744
chunk_recall@3: 0.538
chunk_recall@5: 0.547
MRR: 0.682
saved to: results/retrieval/exp_chunking_fixed_1200.json

==========================================
Running: configs/exp_chunking_fixed_1600.yaml
==========================================
Ignoring wrong pointing object 6 0 (offset 0)
Ignoring wrong pointing object 8 0 (offset 0)
Ignoring wrong pointing object 16 0 (offset 0)
Ignoring wrong pointing object 18 0 (offset 0)
Ignoring wrong pointing object 32 0 (offset 0)
Ignoring wrong pointing object 34 0 (offset 0)
Ignoring wrong pointing object 89 0 (offset 0)
Ignoring wrong pointing object 91 0 (offset 0)
Ignoring wrong pointing object 142 0 (offset 0)
Ignoring wrong pointing object 147 0 (offset 0)
Ignoring wrong pointing object 6 0 (offset 0)
Ignoring wrong pointing object 8 0 (offset 0)
Ignoring wrong pointing object 10 0 (offset 0)
Ignoring wrong pointing object 12 0 (offset 0)
Ignoring wrong pointing object 14 0 (offset 0)
Ignoring wrong pointing object 16 0 (offset 0)
Ignoring wrong pointing object 18 0 (offset 0)
Ignoring wrong pointing object 24 0 (offset 0)
Ignoring wrong pointing object 26 0 (offset 0)
Ignoring wrong pointing object 6 0 (offset 0)
Ignoring wrong pointing object 8 0 (offset 0)
Ignoring wrong pointing object 10 0 (offset 0)
Ignoring wrong pointing object 12 0 (offset 0)
Ignoring wrong pointing object 14 0 (offset 0)
Ignoring wrong pointing object 16 0 (offset 0)
Ignoring wrong pointing object 18 0 (offset 0)
Ignoring wrong pointing object 20 0 (offset 0)
Ignoring wrong pointing object 22 0 (offset 0)
Ignoring wrong pointing object 28 0 (offset 0)
Ignoring wrong pointing object 30 0 (offset 0)
Ignoring wrong pointing object 6 0 (offset 0)
Ignoring wrong pointing object 8 0 (offset 0)
Ignoring wrong pointing object 10 0 (offset 0)
Ignoring wrong pointing object 12 0 (offset 0)
Ignoring wrong pointing object 14 0 (offset 0)
Ignoring wrong pointing object 16 0 (offset 0)
Ignoring wrong pointing object 22 0 (offset 0)
Ignoring wrong pointing object 6 0 (offset 0)
Ignoring wrong pointing object 8 0 (offset 0)
Ignoring wrong pointing object 10 0 (offset 0)
Ignoring wrong pointing object 12 0 (offset 0)
Ignoring wrong pointing object 14 0 (offset 0)
Ignoring wrong pointing object 16 0 (offset 0)
Ignoring wrong pointing object 56 0 (offset 0)
Ignoring wrong pointing object 71 0 (offset 0)
Ignoring wrong pointing object 6 0 (offset 0)
Ignoring wrong pointing object 8 0 (offset 0)
Ignoring wrong pointing object 10 0 (offset 0)
Ignoring wrong pointing object 12 0 (offset 0)
Ignoring wrong pointing object 115 0 (offset 0)
Ignoring wrong pointing object 117 0 (offset 0)
Ignoring wrong pointing object 425 0 (offset 0)
Ignoring wrong pointing object 474 0 (offset 0)
Warning: You are sending unauthenticated requests to the HF Hub. Please set a HF_TOKEN to enable higher rate limits and faster downloads.
[*] Building index for exp_chunking_fixed_1600
Loading weights:   0%|          | 0/199 [00:00<?, ?it/s]Loading weights: 100%|██████████| 199/199 [00:00<00:00, 8450.86it/s]
/Users/polinamalikova/projects/chatbot-for-applicants/src/embedders.py:41: FutureWarning: The `get_sentence_embedding_dimension` method has been renamed to `get_embedding_dimension`.
  self.dim = self.model.get_sentence_embedding_dimension()
[+] Index built in 23.6s, total chunks: 486
[+] Loaded 122 gold questions

=== exp_chunking_fixed_1600 ===
chunks: 486
in-scope questions: 117
doc_recall@1: 0.650
doc_recall@3: 0.709
doc_recall@5: 0.769
chunk_recall@3: 0.564
chunk_recall@5: 0.607
MRR: 0.690
saved to: results/retrieval/exp_chunking_fixed_1600.json

==========================================
Running: configs/exp_chunking_recursive_800.yaml
==========================================
Ignoring wrong pointing object 6 0 (offset 0)
Ignoring wrong pointing object 8 0 (offset 0)
Ignoring wrong pointing object 16 0 (offset 0)
Ignoring wrong pointing object 18 0 (offset 0)
Ignoring wrong pointing object 32 0 (offset 0)
Ignoring wrong pointing object 34 0 (offset 0)
Ignoring wrong pointing object 89 0 (offset 0)
Ignoring wrong pointing object 91 0 (offset 0)
Ignoring wrong pointing object 142 0 (offset 0)
Ignoring wrong pointing object 147 0 (offset 0)
Ignoring wrong pointing object 6 0 (offset 0)
Ignoring wrong pointing object 8 0 (offset 0)
Ignoring wrong pointing object 10 0 (offset 0)
Ignoring wrong pointing object 12 0 (offset 0)
Ignoring wrong pointing object 14 0 (offset 0)
Ignoring wrong pointing object 16 0 (offset 0)
Ignoring wrong pointing object 18 0 (offset 0)
Ignoring wrong pointing object 24 0 (offset 0)
Ignoring wrong pointing object 26 0 (offset 0)
Ignoring wrong pointing object 6 0 (offset 0)
Ignoring wrong pointing object 8 0 (offset 0)
Ignoring wrong pointing object 10 0 (offset 0)
Ignoring wrong pointing object 12 0 (offset 0)
Ignoring wrong pointing object 14 0 (offset 0)
Ignoring wrong pointing object 16 0 (offset 0)
Ignoring wrong pointing object 18 0 (offset 0)
Ignoring wrong pointing object 20 0 (offset 0)
Ignoring wrong pointing object 22 0 (offset 0)
Ignoring wrong pointing object 28 0 (offset 0)
Ignoring wrong pointing object 30 0 (offset 0)
Ignoring wrong pointing object 6 0 (offset 0)
Ignoring wrong pointing object 8 0 (offset 0)
Ignoring wrong pointing object 10 0 (offset 0)
Ignoring wrong pointing object 12 0 (offset 0)
Ignoring wrong pointing object 14 0 (offset 0)
Ignoring wrong pointing object 16 0 (offset 0)
Ignoring wrong pointing object 22 0 (offset 0)
Ignoring wrong pointing object 6 0 (offset 0)
Ignoring wrong pointing object 8 0 (offset 0)
Ignoring wrong pointing object 10 0 (offset 0)
Ignoring wrong pointing object 12 0 (offset 0)
Ignoring wrong pointing object 14 0 (offset 0)
Ignoring wrong pointing object 16 0 (offset 0)
Ignoring wrong pointing object 56 0 (offset 0)
Ignoring wrong pointing object 71 0 (offset 0)
Ignoring wrong pointing object 6 0 (offset 0)
Ignoring wrong pointing object 8 0 (offset 0)
Ignoring wrong pointing object 10 0 (offset 0)
Ignoring wrong pointing object 12 0 (offset 0)
Ignoring wrong pointing object 115 0 (offset 0)
Ignoring wrong pointing object 117 0 (offset 0)
Ignoring wrong pointing object 425 0 (offset 0)
Ignoring wrong pointing object 474 0 (offset 0)
Warning: You are sending unauthenticated requests to the HF Hub. Please set a HF_TOKEN to enable higher rate limits and faster downloads.
[*] Building index for exp_chunking_recursive_800
Loading weights:   0%|          | 0/199 [00:00<?, ?it/s]Loading weights: 100%|██████████| 199/199 [00:00<00:00, 23556.19it/s]
/Users/polinamalikova/projects/chatbot-for-applicants/src/embedders.py:41: FutureWarning: The `get_sentence_embedding_dimension` method has been renamed to `get_embedding_dimension`.
  self.dim = self.model.get_sentence_embedding_dimension()
[+] Index built in 25.0s, total chunks: 1099
[+] Loaded 122 gold questions

=== exp_chunking_recursive_800 ===
chunks: 1099
in-scope questions: 117
doc_recall@1: 0.675
doc_recall@3: 0.769
doc_recall@5: 0.829
chunk_recall@3: 0.521
chunk_recall@5: 0.547
MRR: 0.727
saved to: results/retrieval/exp_chunking_recursive_800.json

==========================================
Running: configs/exp_chunking_recursive_1200.yaml
==========================================
Ignoring wrong pointing object 6 0 (offset 0)
Ignoring wrong pointing object 8 0 (offset 0)
Ignoring wrong pointing object 16 0 (offset 0)
Ignoring wrong pointing object 18 0 (offset 0)
Ignoring wrong pointing object 32 0 (offset 0)
Ignoring wrong pointing object 34 0 (offset 0)
Ignoring wrong pointing object 89 0 (offset 0)
Ignoring wrong pointing object 91 0 (offset 0)
Ignoring wrong pointing object 142 0 (offset 0)
Ignoring wrong pointing object 147 0 (offset 0)
Ignoring wrong pointing object 6 0 (offset 0)
Ignoring wrong pointing object 8 0 (offset 0)
Ignoring wrong pointing object 10 0 (offset 0)
Ignoring wrong pointing object 12 0 (offset 0)
Ignoring wrong pointing object 14 0 (offset 0)
Ignoring wrong pointing object 16 0 (offset 0)
Ignoring wrong pointing object 18 0 (offset 0)
Ignoring wrong pointing object 24 0 (offset 0)
Ignoring wrong pointing object 26 0 (offset 0)
Ignoring wrong pointing object 6 0 (offset 0)
Ignoring wrong pointing object 8 0 (offset 0)
Ignoring wrong pointing object 10 0 (offset 0)
Ignoring wrong pointing object 12 0 (offset 0)
Ignoring wrong pointing object 14 0 (offset 0)
Ignoring wrong pointing object 16 0 (offset 0)
Ignoring wrong pointing object 18 0 (offset 0)
Ignoring wrong pointing object 20 0 (offset 0)
Ignoring wrong pointing object 22 0 (offset 0)
Ignoring wrong pointing object 28 0 (offset 0)
Ignoring wrong pointing object 30 0 (offset 0)
Ignoring wrong pointing object 6 0 (offset 0)
Ignoring wrong pointing object 8 0 (offset 0)
Ignoring wrong pointing object 10 0 (offset 0)
Ignoring wrong pointing object 12 0 (offset 0)
Ignoring wrong pointing object 14 0 (offset 0)
Ignoring wrong pointing object 16 0 (offset 0)
Ignoring wrong pointing object 22 0 (offset 0)
Ignoring wrong pointing object 6 0 (offset 0)
Ignoring wrong pointing object 8 0 (offset 0)
Ignoring wrong pointing object 10 0 (offset 0)
Ignoring wrong pointing object 12 0 (offset 0)
Ignoring wrong pointing object 14 0 (offset 0)
Ignoring wrong pointing object 16 0 (offset 0)
Ignoring wrong pointing object 56 0 (offset 0)
Ignoring wrong pointing object 71 0 (offset 0)
Ignoring wrong pointing object 6 0 (offset 0)
Ignoring wrong pointing object 8 0 (offset 0)
Ignoring wrong pointing object 10 0 (offset 0)
Ignoring wrong pointing object 12 0 (offset 0)
Ignoring wrong pointing object 115 0 (offset 0)
Ignoring wrong pointing object 117 0 (offset 0)
Ignoring wrong pointing object 425 0 (offset 0)
Ignoring wrong pointing object 474 0 (offset 0)
Warning: You are sending unauthenticated requests to the HF Hub. Please set a HF_TOKEN to enable higher rate limits and faster downloads.
[*] Building index for exp_chunking_recursive_1200
Loading weights:   0%|          | 0/199 [00:00<?, ?it/s]Loading weights: 100%|██████████| 199/199 [00:00<00:00, 28799.48it/s]
/Users/polinamalikova/projects/chatbot-for-applicants/src/embedders.py:41: FutureWarning: The `get_sentence_embedding_dimension` method has been renamed to `get_embedding_dimension`.
  self.dim = self.model.get_sentence_embedding_dimension()
[+] Index built in 20.8s, total chunks: 765
[+] Loaded 122 gold questions

=== exp_chunking_recursive_1200 ===
chunks: 765
in-scope questions: 117
doc_recall@1: 0.615
doc_recall@3: 0.701
doc_recall@5: 0.761
chunk_recall@3: 0.470
chunk_recall@5: 0.521
MRR: 0.668
saved to: results/retrieval/exp_chunking_recursive_1200.json

==========================================
Running: configs/exp_chunking_recursive_1600.yaml
==========================================
Ignoring wrong pointing object 6 0 (offset 0)
Ignoring wrong pointing object 8 0 (offset 0)
Ignoring wrong pointing object 16 0 (offset 0)
Ignoring wrong pointing object 18 0 (offset 0)
Ignoring wrong pointing object 32 0 (offset 0)
Ignoring wrong pointing object 34 0 (offset 0)
Ignoring wrong pointing object 89 0 (offset 0)
Ignoring wrong pointing object 91 0 (offset 0)
Ignoring wrong pointing object 142 0 (offset 0)
Ignoring wrong pointing object 147 0 (offset 0)
Ignoring wrong pointing object 6 0 (offset 0)
Ignoring wrong pointing object 8 0 (offset 0)
Ignoring wrong pointing object 10 0 (offset 0)
Ignoring wrong pointing object 12 0 (offset 0)
Ignoring wrong pointing object 14 0 (offset 0)
Ignoring wrong pointing object 16 0 (offset 0)
Ignoring wrong pointing object 18 0 (offset 0)
Ignoring wrong pointing object 24 0 (offset 0)
Ignoring wrong pointing object 26 0 (offset 0)
Ignoring wrong pointing object 6 0 (offset 0)
Ignoring wrong pointing object 8 0 (offset 0)
Ignoring wrong pointing object 10 0 (offset 0)
Ignoring wrong pointing object 12 0 (offset 0)
Ignoring wrong pointing object 14 0 (offset 0)
Ignoring wrong pointing object 16 0 (offset 0)
Ignoring wrong pointing object 18 0 (offset 0)
Ignoring wrong pointing object 20 0 (offset 0)
Ignoring wrong pointing object 22 0 (offset 0)
Ignoring wrong pointing object 28 0 (offset 0)
Ignoring wrong pointing object 30 0 (offset 0)
Ignoring wrong pointing object 6 0 (offset 0)
Ignoring wrong pointing object 8 0 (offset 0)
Ignoring wrong pointing object 10 0 (offset 0)
Ignoring wrong pointing object 12 0 (offset 0)
Ignoring wrong pointing object 14 0 (offset 0)
Ignoring wrong pointing object 16 0 (offset 0)
Ignoring wrong pointing object 22 0 (offset 0)
Ignoring wrong pointing object 6 0 (offset 0)
Ignoring wrong pointing object 8 0 (offset 0)
Ignoring wrong pointing object 10 0 (offset 0)
Ignoring wrong pointing object 12 0 (offset 0)
Ignoring wrong pointing object 14 0 (offset 0)
Ignoring wrong pointing object 16 0 (offset 0)
Ignoring wrong pointing object 56 0 (offset 0)
Ignoring wrong pointing object 71 0 (offset 0)
Ignoring wrong pointing object 6 0 (offset 0)
Ignoring wrong pointing object 8 0 (offset 0)
Ignoring wrong pointing object 10 0 (offset 0)
Ignoring wrong pointing object 12 0 (offset 0)
Ignoring wrong pointing object 115 0 (offset 0)
Ignoring wrong pointing object 117 0 (offset 0)
Ignoring wrong pointing object 425 0 (offset 0)
Ignoring wrong pointing object 474 0 (offset 0)
Warning: You are sending unauthenticated requests to the HF Hub. Please set a HF_TOKEN to enable higher rate limits and faster downloads.
[*] Building index for exp_chunking_recursive_1600
Loading weights:   0%|          | 0/199 [00:00<?, ?it/s]Loading weights: 100%|██████████| 199/199 [00:00<00:00, 27046.00it/s]
/Users/polinamalikova/projects/chatbot-for-applicants/src/embedders.py:41: FutureWarning: The `get_sentence_embedding_dimension` method has been renamed to `get_embedding_dimension`.
  self.dim = self.model.get_sentence_embedding_dimension()
[+] Index built in 24.4s, total chunks: 603
[+] Loaded 122 gold questions

=== exp_chunking_recursive_1600 ===
chunks: 603
in-scope questions: 117
doc_recall@1: 0.632
doc_recall@3: 0.701
doc_recall@5: 0.795
chunk_recall@3: 0.479
chunk_recall@5: 0.513
MRR: 0.685
saved to: results/retrieval/exp_chunking_recursive_1600.json

==========================================
Running: configs/exp_chunking_sentence_1200.yaml
==========================================
Ignoring wrong pointing object 6 0 (offset 0)
Ignoring wrong pointing object 8 0 (offset 0)
Ignoring wrong pointing object 16 0 (offset 0)
Ignoring wrong pointing object 18 0 (offset 0)
Ignoring wrong pointing object 32 0 (offset 0)
Ignoring wrong pointing object 34 0 (offset 0)
Ignoring wrong pointing object 89 0 (offset 0)
Ignoring wrong pointing object 91 0 (offset 0)
Ignoring wrong pointing object 142 0 (offset 0)
Ignoring wrong pointing object 147 0 (offset 0)
Ignoring wrong pointing object 6 0 (offset 0)
Ignoring wrong pointing object 8 0 (offset 0)
Ignoring wrong pointing object 10 0 (offset 0)
Ignoring wrong pointing object 12 0 (offset 0)
Ignoring wrong pointing object 14 0 (offset 0)
Ignoring wrong pointing object 16 0 (offset 0)
Ignoring wrong pointing object 18 0 (offset 0)
Ignoring wrong pointing object 24 0 (offset 0)
Ignoring wrong pointing object 26 0 (offset 0)
Ignoring wrong pointing object 6 0 (offset 0)
Ignoring wrong pointing object 8 0 (offset 0)
Ignoring wrong pointing object 10 0 (offset 0)
Ignoring wrong pointing object 12 0 (offset 0)
Ignoring wrong pointing object 14 0 (offset 0)
Ignoring wrong pointing object 16 0 (offset 0)
Ignoring wrong pointing object 18 0 (offset 0)
Ignoring wrong pointing object 20 0 (offset 0)
Ignoring wrong pointing object 22 0 (offset 0)
Ignoring wrong pointing object 28 0 (offset 0)
Ignoring wrong pointing object 30 0 (offset 0)
Ignoring wrong pointing object 6 0 (offset 0)
Ignoring wrong pointing object 8 0 (offset 0)
Ignoring wrong pointing object 10 0 (offset 0)
Ignoring wrong pointing object 12 0 (offset 0)
Ignoring wrong pointing object 14 0 (offset 0)
Ignoring wrong pointing object 16 0 (offset 0)
Ignoring wrong pointing object 22 0 (offset 0)
Ignoring wrong pointing object 6 0 (offset 0)
Ignoring wrong pointing object 8 0 (offset 0)
Ignoring wrong pointing object 10 0 (offset 0)
Ignoring wrong pointing object 12 0 (offset 0)
Ignoring wrong pointing object 14 0 (offset 0)
Ignoring wrong pointing object 16 0 (offset 0)
Ignoring wrong pointing object 56 0 (offset 0)
Ignoring wrong pointing object 71 0 (offset 0)
Ignoring wrong pointing object 6 0 (offset 0)
Ignoring wrong pointing object 8 0 (offset 0)
Ignoring wrong pointing object 10 0 (offset 0)
Ignoring wrong pointing object 12 0 (offset 0)
Ignoring wrong pointing object 115 0 (offset 0)
Ignoring wrong pointing object 117 0 (offset 0)
Ignoring wrong pointing object 425 0 (offset 0)
Ignoring wrong pointing object 474 0 (offset 0)
Warning: You are sending unauthenticated requests to the HF Hub. Please set a HF_TOKEN to enable higher rate limits and faster downloads.
[*] Building index for exp_chunking_sentence_1200
Loading weights:   0%|          | 0/199 [00:00<?, ?it/s]Loading weights: 100%|██████████| 199/199 [00:00<00:00, 21017.99it/s]
/Users/polinamalikova/projects/chatbot-for-applicants/src/embedders.py:41: FutureWarning: The `get_sentence_embedding_dimension` method has been renamed to `get_embedding_dimension`.
  self.dim = self.model.get_sentence_embedding_dimension()
[+] Index built in 17.4s, total chunks: 265
[+] Loaded 122 gold questions

=== exp_chunking_sentence_1200 ===
chunks: 265
in-scope questions: 117
doc_recall@1: 0.641
doc_recall@3: 0.726
doc_recall@5: 0.803
chunk_recall@3: 0.513
chunk_recall@5: 0.615
MRR: 0.698
saved to: results/retrieval/exp_chunking_sentence_1200.json

==========================================
Running: configs/exp_preprocessing_minimal.yaml
==========================================
Ignoring wrong pointing object 6 0 (offset 0)
Ignoring wrong pointing object 8 0 (offset 0)
Ignoring wrong pointing object 16 0 (offset 0)
Ignoring wrong pointing object 18 0 (offset 0)
Ignoring wrong pointing object 32 0 (offset 0)
Ignoring wrong pointing object 34 0 (offset 0)
Ignoring wrong pointing object 89 0 (offset 0)
Ignoring wrong pointing object 91 0 (offset 0)
Ignoring wrong pointing object 142 0 (offset 0)
Ignoring wrong pointing object 147 0 (offset 0)
Ignoring wrong pointing object 6 0 (offset 0)
Ignoring wrong pointing object 8 0 (offset 0)
Ignoring wrong pointing object 10 0 (offset 0)
Ignoring wrong pointing object 12 0 (offset 0)
Ignoring wrong pointing object 14 0 (offset 0)
Ignoring wrong pointing object 16 0 (offset 0)
Ignoring wrong pointing object 18 0 (offset 0)
Ignoring wrong pointing object 24 0 (offset 0)
Ignoring wrong pointing object 26 0 (offset 0)
Ignoring wrong pointing object 6 0 (offset 0)
Ignoring wrong pointing object 8 0 (offset 0)
Ignoring wrong pointing object 10 0 (offset 0)
Ignoring wrong pointing object 12 0 (offset 0)
Ignoring wrong pointing object 14 0 (offset 0)
Ignoring wrong pointing object 16 0 (offset 0)
Ignoring wrong pointing object 18 0 (offset 0)
Ignoring wrong pointing object 20 0 (offset 0)
Ignoring wrong pointing object 22 0 (offset 0)
Ignoring wrong pointing object 28 0 (offset 0)
Ignoring wrong pointing object 30 0 (offset 0)
Ignoring wrong pointing object 6 0 (offset 0)
Ignoring wrong pointing object 8 0 (offset 0)
Ignoring wrong pointing object 10 0 (offset 0)
Ignoring wrong pointing object 12 0 (offset 0)
Ignoring wrong pointing object 14 0 (offset 0)
Ignoring wrong pointing object 16 0 (offset 0)
Ignoring wrong pointing object 22 0 (offset 0)
Ignoring wrong pointing object 6 0 (offset 0)
Ignoring wrong pointing object 8 0 (offset 0)
Ignoring wrong pointing object 10 0 (offset 0)
Ignoring wrong pointing object 12 0 (offset 0)
Ignoring wrong pointing object 14 0 (offset 0)
Ignoring wrong pointing object 16 0 (offset 0)
Ignoring wrong pointing object 56 0 (offset 0)
Ignoring wrong pointing object 71 0 (offset 0)
Ignoring wrong pointing object 6 0 (offset 0)
Ignoring wrong pointing object 8 0 (offset 0)
Ignoring wrong pointing object 10 0 (offset 0)
Ignoring wrong pointing object 12 0 (offset 0)
Ignoring wrong pointing object 115 0 (offset 0)
Ignoring wrong pointing object 117 0 (offset 0)
Ignoring wrong pointing object 425 0 (offset 0)
Ignoring wrong pointing object 474 0 (offset 0)
Warning: You are sending unauthenticated requests to the HF Hub. Please set a HF_TOKEN to enable higher rate limits and faster downloads.
[*] Building index for exp_preprocessing_minimal
Loading weights:   0%|          | 0/199 [00:00<?, ?it/s]Loading weights: 100%|██████████| 199/199 [00:00<00:00, 21718.01it/s]
/Users/polinamalikova/projects/chatbot-for-applicants/src/embedders.py:41: FutureWarning: The `get_sentence_embedding_dimension` method has been renamed to `get_embedding_dimension`.
  self.dim = self.model.get_sentence_embedding_dimension()
[+] Index built in 21.6s, total chunks: 768
[+] Loaded 122 gold questions

=== exp_preprocessing_minimal ===
chunks: 768
in-scope questions: 117
doc_recall@1: 0.624
doc_recall@3: 0.709
doc_recall@5: 0.769
chunk_recall@3: 0.479
chunk_recall@5: 0.513
MRR: 0.675
saved to: results/retrieval/exp_preprocessing_minimal.json

==========================================
Running: configs/exp_preprocessing_aggressive.yaml
==========================================
Ignoring wrong pointing object 6 0 (offset 0)
Ignoring wrong pointing object 8 0 (offset 0)
Ignoring wrong pointing object 16 0 (offset 0)
Ignoring wrong pointing object 18 0 (offset 0)
Ignoring wrong pointing object 32 0 (offset 0)
Ignoring wrong pointing object 34 0 (offset 0)
Ignoring wrong pointing object 89 0 (offset 0)
Ignoring wrong pointing object 91 0 (offset 0)
Ignoring wrong pointing object 142 0 (offset 0)
Ignoring wrong pointing object 147 0 (offset 0)
Ignoring wrong pointing object 6 0 (offset 0)
Ignoring wrong pointing object 8 0 (offset 0)
Ignoring wrong pointing object 10 0 (offset 0)
Ignoring wrong pointing object 12 0 (offset 0)
Ignoring wrong pointing object 14 0 (offset 0)
Ignoring wrong pointing object 16 0 (offset 0)
Ignoring wrong pointing object 18 0 (offset 0)
Ignoring wrong pointing object 24 0 (offset 0)
Ignoring wrong pointing object 26 0 (offset 0)
Ignoring wrong pointing object 6 0 (offset 0)
Ignoring wrong pointing object 8 0 (offset 0)
Ignoring wrong pointing object 10 0 (offset 0)
Ignoring wrong pointing object 12 0 (offset 0)
Ignoring wrong pointing object 14 0 (offset 0)
Ignoring wrong pointing object 16 0 (offset 0)
Ignoring wrong pointing object 18 0 (offset 0)
Ignoring wrong pointing object 20 0 (offset 0)
Ignoring wrong pointing object 22 0 (offset 0)
Ignoring wrong pointing object 28 0 (offset 0)
Ignoring wrong pointing object 30 0 (offset 0)
Ignoring wrong pointing object 6 0 (offset 0)
Ignoring wrong pointing object 8 0 (offset 0)
Ignoring wrong pointing object 10 0 (offset 0)
Ignoring wrong pointing object 12 0 (offset 0)
Ignoring wrong pointing object 14 0 (offset 0)
Ignoring wrong pointing object 16 0 (offset 0)
Ignoring wrong pointing object 22 0 (offset 0)
Ignoring wrong pointing object 6 0 (offset 0)
Ignoring wrong pointing object 8 0 (offset 0)
Ignoring wrong pointing object 10 0 (offset 0)
Ignoring wrong pointing object 12 0 (offset 0)
Ignoring wrong pointing object 14 0 (offset 0)
Ignoring wrong pointing object 16 0 (offset 0)
Ignoring wrong pointing object 56 0 (offset 0)
Ignoring wrong pointing object 71 0 (offset 0)
Ignoring wrong pointing object 6 0 (offset 0)
Ignoring wrong pointing object 8 0 (offset 0)
Ignoring wrong pointing object 10 0 (offset 0)
Ignoring wrong pointing object 12 0 (offset 0)
Ignoring wrong pointing object 115 0 (offset 0)
Ignoring wrong pointing object 117 0 (offset 0)
Ignoring wrong pointing object 425 0 (offset 0)
Ignoring wrong pointing object 474 0 (offset 0)
Warning: You are sending unauthenticated requests to the HF Hub. Please set a HF_TOKEN to enable higher rate limits and faster downloads.
[*] Building index for exp_preprocessing_aggressive
Loading weights:   0%|          | 0/199 [00:00<?, ?it/s]Loading weights: 100%|██████████| 199/199 [00:00<00:00, 22011.25it/s]
/Users/polinamalikova/projects/chatbot-for-applicants/src/embedders.py:41: FutureWarning: The `get_sentence_embedding_dimension` method has been renamed to `get_embedding_dimension`.
  self.dim = self.model.get_sentence_embedding_dimension()
[+] Index built in 20.2s, total chunks: 455
[+] Loaded 122 gold questions

=== exp_preprocessing_aggressive ===
chunks: 455
in-scope questions: 117
doc_recall@1: 0.675
doc_recall@3: 0.786
doc_recall@5: 0.846
chunk_recall@3: 0.496
chunk_recall@5: 0.564
MRR: 0.737
saved to: results/retrieval/exp_preprocessing_aggressive.json

==========================================
Running: configs/exp_retriever_bm25.yaml
==========================================
Ignoring wrong pointing object 6 0 (offset 0)
Ignoring wrong pointing object 8 0 (offset 0)
Ignoring wrong pointing object 16 0 (offset 0)
Ignoring wrong pointing object 18 0 (offset 0)
Ignoring wrong pointing object 32 0 (offset 0)
Ignoring wrong pointing object 34 0 (offset 0)
Ignoring wrong pointing object 89 0 (offset 0)
Ignoring wrong pointing object 91 0 (offset 0)
Ignoring wrong pointing object 142 0 (offset 0)
Ignoring wrong pointing object 147 0 (offset 0)
Ignoring wrong pointing object 6 0 (offset 0)
Ignoring wrong pointing object 8 0 (offset 0)
Ignoring wrong pointing object 10 0 (offset 0)
Ignoring wrong pointing object 12 0 (offset 0)
Ignoring wrong pointing object 14 0 (offset 0)
Ignoring wrong pointing object 16 0 (offset 0)
Ignoring wrong pointing object 18 0 (offset 0)
Ignoring wrong pointing object 24 0 (offset 0)
Ignoring wrong pointing object 26 0 (offset 0)
Ignoring wrong pointing object 6 0 (offset 0)
Ignoring wrong pointing object 8 0 (offset 0)
Ignoring wrong pointing object 10 0 (offset 0)
Ignoring wrong pointing object 12 0 (offset 0)
Ignoring wrong pointing object 14 0 (offset 0)
Ignoring wrong pointing object 16 0 (offset 0)
Ignoring wrong pointing object 18 0 (offset 0)
Ignoring wrong pointing object 20 0 (offset 0)
Ignoring wrong pointing object 22 0 (offset 0)
Ignoring wrong pointing object 28 0 (offset 0)
Ignoring wrong pointing object 30 0 (offset 0)
Ignoring wrong pointing object 6 0 (offset 0)
Ignoring wrong pointing object 8 0 (offset 0)
Ignoring wrong pointing object 10 0 (offset 0)
Ignoring wrong pointing object 12 0 (offset 0)
Ignoring wrong pointing object 14 0 (offset 0)
Ignoring wrong pointing object 16 0 (offset 0)
Ignoring wrong pointing object 22 0 (offset 0)
Ignoring wrong pointing object 6 0 (offset 0)
Ignoring wrong pointing object 8 0 (offset 0)
Ignoring wrong pointing object 10 0 (offset 0)
Ignoring wrong pointing object 12 0 (offset 0)
Ignoring wrong pointing object 14 0 (offset 0)
Ignoring wrong pointing object 16 0 (offset 0)
Ignoring wrong pointing object 56 0 (offset 0)
Ignoring wrong pointing object 71 0 (offset 0)
Ignoring wrong pointing object 6 0 (offset 0)
Ignoring wrong pointing object 8 0 (offset 0)
Ignoring wrong pointing object 10 0 (offset 0)
Ignoring wrong pointing object 12 0 (offset 0)
Ignoring wrong pointing object 115 0 (offset 0)
Ignoring wrong pointing object 117 0 (offset 0)
Ignoring wrong pointing object 425 0 (offset 0)
Ignoring wrong pointing object 474 0 (offset 0)
Warning: You are sending unauthenticated requests to the HF Hub. Please set a HF_TOKEN to enable higher rate limits and faster downloads.
[*] Building index for exp_retriever_bm25
Loading weights:   0%|          | 0/199 [00:00<?, ?it/s]Loading weights: 100%|██████████| 199/199 [00:00<00:00, 27358.04it/s]
/Users/polinamalikova/projects/chatbot-for-applicants/src/embedders.py:41: FutureWarning: The `get_sentence_embedding_dimension` method has been renamed to `get_embedding_dimension`.
  self.dim = self.model.get_sentence_embedding_dimension()
[+] Index built in 12.4s, total chunks: 765
[+] Loaded 122 gold questions

=== exp_retriever_bm25 ===
chunks: 765
in-scope questions: 117
doc_recall@1: 0.624
doc_recall@3: 0.726
doc_recall@5: 0.786
chunk_recall@3: 0.333
chunk_recall@5: 0.453
MRR: 0.685
saved to: results/retrieval/exp_retriever_bm25.json

==========================================
Running: configs/exp_retriever_ensemble.yaml
==========================================
Ignoring wrong pointing object 6 0 (offset 0)
Ignoring wrong pointing object 8 0 (offset 0)
Ignoring wrong pointing object 16 0 (offset 0)
Ignoring wrong pointing object 18 0 (offset 0)
Ignoring wrong pointing object 32 0 (offset 0)
Ignoring wrong pointing object 34 0 (offset 0)
Ignoring wrong pointing object 89 0 (offset 0)
Ignoring wrong pointing object 91 0 (offset 0)
Ignoring wrong pointing object 142 0 (offset 0)
Ignoring wrong pointing object 147 0 (offset 0)
Ignoring wrong pointing object 6 0 (offset 0)
Ignoring wrong pointing object 8 0 (offset 0)
Ignoring wrong pointing object 10 0 (offset 0)
Ignoring wrong pointing object 12 0 (offset 0)
Ignoring wrong pointing object 14 0 (offset 0)
Ignoring wrong pointing object 16 0 (offset 0)
Ignoring wrong pointing object 18 0 (offset 0)
Ignoring wrong pointing object 24 0 (offset 0)
Ignoring wrong pointing object 26 0 (offset 0)
Ignoring wrong pointing object 6 0 (offset 0)
Ignoring wrong pointing object 8 0 (offset 0)
Ignoring wrong pointing object 10 0 (offset 0)
Ignoring wrong pointing object 12 0 (offset 0)
Ignoring wrong pointing object 14 0 (offset 0)
Ignoring wrong pointing object 16 0 (offset 0)
Ignoring wrong pointing object 18 0 (offset 0)
Ignoring wrong pointing object 20 0 (offset 0)
Ignoring wrong pointing object 22 0 (offset 0)
Ignoring wrong pointing object 28 0 (offset 0)
Ignoring wrong pointing object 30 0 (offset 0)
Ignoring wrong pointing object 6 0 (offset 0)
Ignoring wrong pointing object 8 0 (offset 0)
Ignoring wrong pointing object 10 0 (offset 0)
Ignoring wrong pointing object 12 0 (offset 0)
Ignoring wrong pointing object 14 0 (offset 0)
Ignoring wrong pointing object 16 0 (offset 0)
Ignoring wrong pointing object 22 0 (offset 0)
Ignoring wrong pointing object 6 0 (offset 0)
Ignoring wrong pointing object 8 0 (offset 0)
Ignoring wrong pointing object 10 0 (offset 0)
Ignoring wrong pointing object 12 0 (offset 0)
Ignoring wrong pointing object 14 0 (offset 0)
Ignoring wrong pointing object 16 0 (offset 0)
Ignoring wrong pointing object 56 0 (offset 0)
Ignoring wrong pointing object 71 0 (offset 0)
Ignoring wrong pointing object 6 0 (offset 0)
Ignoring wrong pointing object 8 0 (offset 0)
Ignoring wrong pointing object 10 0 (offset 0)
Ignoring wrong pointing object 12 0 (offset 0)
Ignoring wrong pointing object 115 0 (offset 0)
Ignoring wrong pointing object 117 0 (offset 0)
Ignoring wrong pointing object 425 0 (offset 0)
Ignoring wrong pointing object 474 0 (offset 0)
Warning: You are sending unauthenticated requests to the HF Hub. Please set a HF_TOKEN to enable higher rate limits and faster downloads.
[*] Building index for exp_retriever_ensemble
Loading weights:   0%|          | 0/199 [00:00<?, ?it/s]Loading weights: 100%|██████████| 199/199 [00:00<00:00, 16934.48it/s]
/Users/polinamalikova/projects/chatbot-for-applicants/src/embedders.py:41: FutureWarning: The `get_sentence_embedding_dimension` method has been renamed to `get_embedding_dimension`.
  self.dim = self.model.get_sentence_embedding_dimension()
[+] Index built in 21.1s, total chunks: 765
[+] Loaded 122 gold questions

=== exp_retriever_ensemble ===
chunks: 765
in-scope questions: 117
doc_recall@1: 0.590
doc_recall@3: 0.795
doc_recall@5: 0.846
chunk_recall@3: 0.453
chunk_recall@5: 0.504
MRR: 0.695
saved to: results/retrieval/exp_retriever_ensemble.json

==========================================
Running: configs/exp_reranker_bge.yaml
==========================================
Ignoring wrong pointing object 6 0 (offset 0)
Ignoring wrong pointing object 8 0 (offset 0)
Ignoring wrong pointing object 16 0 (offset 0)
Ignoring wrong pointing object 18 0 (offset 0)
Ignoring wrong pointing object 32 0 (offset 0)
Ignoring wrong pointing object 34 0 (offset 0)
Ignoring wrong pointing object 89 0 (offset 0)
Ignoring wrong pointing object 91 0 (offset 0)
Ignoring wrong pointing object 142 0 (offset 0)
Ignoring wrong pointing object 147 0 (offset 0)
Ignoring wrong pointing object 6 0 (offset 0)
Ignoring wrong pointing object 8 0 (offset 0)
Ignoring wrong pointing object 10 0 (offset 0)
Ignoring wrong pointing object 12 0 (offset 0)
Ignoring wrong pointing object 14 0 (offset 0)
Ignoring wrong pointing object 16 0 (offset 0)
Ignoring wrong pointing object 18 0 (offset 0)
Ignoring wrong pointing object 24 0 (offset 0)
Ignoring wrong pointing object 26 0 (offset 0)
Ignoring wrong pointing object 6 0 (offset 0)
Ignoring wrong pointing object 8 0 (offset 0)
Ignoring wrong pointing object 10 0 (offset 0)
Ignoring wrong pointing object 12 0 (offset 0)
Ignoring wrong pointing object 14 0 (offset 0)
Ignoring wrong pointing object 16 0 (offset 0)
Ignoring wrong pointing object 18 0 (offset 0)
Ignoring wrong pointing object 20 0 (offset 0)
Ignoring wrong pointing object 22 0 (offset 0)
Ignoring wrong pointing object 28 0 (offset 0)
Ignoring wrong pointing object 30 0 (offset 0)
Ignoring wrong pointing object 6 0 (offset 0)
Ignoring wrong pointing object 8 0 (offset 0)
Ignoring wrong pointing object 10 0 (offset 0)
Ignoring wrong pointing object 12 0 (offset 0)
Ignoring wrong pointing object 14 0 (offset 0)
Ignoring wrong pointing object 16 0 (offset 0)
Ignoring wrong pointing object 22 0 (offset 0)
Ignoring wrong pointing object 6 0 (offset 0)
Ignoring wrong pointing object 8 0 (offset 0)
Ignoring wrong pointing object 10 0 (offset 0)
Ignoring wrong pointing object 12 0 (offset 0)
Ignoring wrong pointing object 14 0 (offset 0)
Ignoring wrong pointing object 16 0 (offset 0)
Ignoring wrong pointing object 56 0 (offset 0)
Ignoring wrong pointing object 71 0 (offset 0)
Ignoring wrong pointing object 6 0 (offset 0)
Ignoring wrong pointing object 8 0 (offset 0)
Ignoring wrong pointing object 10 0 (offset 0)
Ignoring wrong pointing object 12 0 (offset 0)
Ignoring wrong pointing object 115 0 (offset 0)
Ignoring wrong pointing object 117 0 (offset 0)
Ignoring wrong pointing object 425 0 (offset 0)
Ignoring wrong pointing object 474 0 (offset 0)
Warning: You are sending unauthenticated requests to the HF Hub. Please set a HF_TOKEN to enable higher rate limits and faster downloads.
[*] Building index for exp_reranker_bge
Loading weights:   0%|          | 0/199 [00:00<?, ?it/s]Loading weights: 100%|██████████| 199/199 [00:00<00:00, 19534.87it/s]
/Users/polinamalikova/projects/chatbot-for-applicants/src/embedders.py:41: FutureWarning: The `get_sentence_embedding_dimension` method has been renamed to `get_embedding_dimension`.
  self.dim = self.model.get_sentence_embedding_dimension()
Loading weights:   0%|          | 0/393 [00:00<?, ?it/s]Loading weights: 100%|██████████| 393/393 [00:00<00:00, 8547.20it/s]
[+] Index built in 29.2s, total chunks: 765
[+] Loaded 122 gold questions

=== exp_reranker_bge ===
chunks: 765
in-scope questions: 117
doc_recall@1: 0.667
doc_recall@3: 0.769
doc_recall@5: 0.786
chunk_recall@3: 0.564
chunk_recall@5: 0.573
MRR: 0.714
saved to: results/retrieval/exp_reranker_bge.json

==========================================
Running: configs/exp_reranker_minilm.yaml
==========================================
Ignoring wrong pointing object 6 0 (offset 0)
Ignoring wrong pointing object 8 0 (offset 0)
Ignoring wrong pointing object 16 0 (offset 0)
Ignoring wrong pointing object 18 0 (offset 0)
Ignoring wrong pointing object 32 0 (offset 0)
Ignoring wrong pointing object 34 0 (offset 0)
Ignoring wrong pointing object 89 0 (offset 0)
Ignoring wrong pointing object 91 0 (offset 0)
Ignoring wrong pointing object 142 0 (offset 0)
Ignoring wrong pointing object 147 0 (offset 0)
Ignoring wrong pointing object 6 0 (offset 0)
Ignoring wrong pointing object 8 0 (offset 0)
Ignoring wrong pointing object 10 0 (offset 0)
Ignoring wrong pointing object 12 0 (offset 0)
Ignoring wrong pointing object 14 0 (offset 0)
Ignoring wrong pointing object 16 0 (offset 0)
Ignoring wrong pointing object 18 0 (offset 0)
Ignoring wrong pointing object 24 0 (offset 0)
Ignoring wrong pointing object 26 0 (offset 0)
Ignoring wrong pointing object 6 0 (offset 0)
Ignoring wrong pointing object 8 0 (offset 0)
Ignoring wrong pointing object 10 0 (offset 0)
Ignoring wrong pointing object 12 0 (offset 0)
Ignoring wrong pointing object 14 0 (offset 0)
Ignoring wrong pointing object 16 0 (offset 0)
Ignoring wrong pointing object 18 0 (offset 0)
Ignoring wrong pointing object 20 0 (offset 0)
Ignoring wrong pointing object 22 0 (offset 0)
Ignoring wrong pointing object 28 0 (offset 0)
Ignoring wrong pointing object 30 0 (offset 0)
Ignoring wrong pointing object 6 0 (offset 0)
Ignoring wrong pointing object 8 0 (offset 0)
Ignoring wrong pointing object 10 0 (offset 0)
Ignoring wrong pointing object 12 0 (offset 0)
Ignoring wrong pointing object 14 0 (offset 0)
Ignoring wrong pointing object 16 0 (offset 0)
Ignoring wrong pointing object 22 0 (offset 0)
Ignoring wrong pointing object 6 0 (offset 0)
Ignoring wrong pointing object 8 0 (offset 0)
Ignoring wrong pointing object 10 0 (offset 0)
Ignoring wrong pointing object 12 0 (offset 0)
Ignoring wrong pointing object 14 0 (offset 0)
Ignoring wrong pointing object 16 0 (offset 0)
Ignoring wrong pointing object 56 0 (offset 0)
Ignoring wrong pointing object 71 0 (offset 0)
Ignoring wrong pointing object 6 0 (offset 0)
Ignoring wrong pointing object 8 0 (offset 0)
Ignoring wrong pointing object 10 0 (offset 0)
Ignoring wrong pointing object 12 0 (offset 0)
Ignoring wrong pointing object 115 0 (offset 0)
Ignoring wrong pointing object 117 0 (offset 0)
Ignoring wrong pointing object 425 0 (offset 0)
Ignoring wrong pointing object 474 0 (offset 0)
Warning: You are sending unauthenticated requests to the HF Hub. Please set a HF_TOKEN to enable higher rate limits and faster downloads.
[*] Building index for exp_reranker_minilm
Loading weights:   0%|          | 0/199 [00:00<?, ?it/s]Loading weights: 100%|██████████| 199/199 [00:00<00:00, 9648.43it/s]
/Users/polinamalikova/projects/chatbot-for-applicants/src/embedders.py:41: FutureWarning: The `get_sentence_embedding_dimension` method has been renamed to `get_embedding_dimension`.
  self.dim = self.model.get_sentence_embedding_dimension()
Loading weights:   0%|          | 0/105 [00:00<?, ?it/s]Loading weights: 100%|██████████| 105/105 [00:00<00:00, 8495.24it/s]
[+] Index built in 30.5s, total chunks: 765
[+] Loaded 122 gold questions

=== exp_reranker_minilm ===
chunks: 765
in-scope questions: 117
doc_recall@1: 0.470
doc_recall@3: 0.701
doc_recall@5: 0.752
chunk_recall@3: 0.291
chunk_recall@5: 0.427
MRR: 0.587
saved to: results/retrieval/exp_reranker_minilm.json

All experiments done. Results in results/retrieval/
